<?xml version="1.0" encoding="UTF-8"?>
<!-- Generated by org.testng.reporters.JUnitReportReporter -->
<testsuite hostname="LAPTOP-VFKJ2SC9" failures="0" tests="1" name="Client.ClientAccountCreation" time="94.408" errors="0" timestamp="2023-08-13T15:08:18 IST" skipped="0">
  <testcase classname="Client.ClientAccountCreation" name="AccountCreationWith_PurchaseClassAndMemPack_ClassPackPromo" time="94.408"/>
  <system-out/>
</testsuite> <!-- Client.ClientAccountCreation -->
