<?xml version="1.0" encoding="UTF-8"?>
<!-- Generated by org.testng.reporters.JUnitReportReporter -->
<testsuite hostname="LAPTOP-VFKJ2SC9" failures="0" tests="16" name="Client.ClientAccountCreation" time="1094.465" errors="0" timestamp="2023-08-28T13:39:54 IST" skipped="0">
  <testcase classname="Client.ClientAccountCreation" name="AccountCreationWith_NoPackage" time="48.673"/>
  <system-out/>
  <testcase classname="Client.ClientAccountCreation" name="AccountCreationWith_FreeTrailPack" time="66.593"/>
  <system-out/>
  <testcase classname="Client.ClientAccountCreation" name="AccountCreationWith_PurchaseClassPackWith_PromoCodeAndSelfCard" time="62.275"/>
  <system-out/>
  <testcase classname="Client.ClientAccountCreation" name="AccountCreationWith_PurchaseClassPackWith_PromoCodeAndRelativeCard" time="69.723"/>
  <system-out/>
  <testcase classname="Client.ClientAccountCreation" name="AccountCreationWith_PurchaseClassPackWith_NoPromoCodeAndSelfCard" time="69.226"/>
  <system-out/>
  <testcase classname="Client.ClientAccountCreation" name="AccountCreationWith_PurchaseClassPackWith_NoPromoCodeAndRelativeCard" time="72.726"/>
  <system-out/>
  <testcase classname="Client.ClientAccountCreation" name="AccountCreationWith_PurchaseMemPackWith_PromoCodeAndSelfCard" time="68.913"/>
  <system-out/>
  <testcase classname="Client.ClientAccountCreation" name="AccountCreationWith_PurchaseMemPackWith_PromoCodeAndRelativeCard" time="70.881"/>
  <system-out/>
  <testcase classname="Client.ClientAccountCreation" name="AccountCreationWith_PurchaseMemPackWith_NoPromoCodeAndSelfCard" time="68.065"/>
  <system-out/>
  <testcase classname="Client.ClientAccountCreation" name="AccountCreationWith_PurchaseUnlimitedMemWith_PromoCodeAndSelfCard" time="69.596"/>
  <system-out/>
  <testcase classname="Client.ClientAccountCreation" name="AccountCreationWith_PurchaseUnlimitedMemWith_PromoCodeAndRelativeCard" time="73.021"/>
  <system-out/>
  <testcase classname="Client.ClientAccountCreation" name="AccountCreationWith_PurchaseUnlimitedMemWith_NoPromoCodeAndSelfCard" time="65.704"/>
  <system-out/>
  <testcase classname="Client.ClientAccountCreation" name="AccountCreationWith_FreeFirstMonthMemPack" time="78.362"/>
  <system-out/>
  <testcase classname="Client.ClientAccountCreation" name="AccountCreationWith_PurchaseClassAndMemPackWith_MemPromoCode" time="72.190"/>
  <system-out/>
  <testcase classname="Client.ClientAccountCreation" name="AccountCreationWith_PurchaseClassAndMemPackWith_ClassPromoCode" time="70.616"/>
  <system-out/>
  <testcase classname="Client.ClientAccountCreation" name="AccountCreationWith_PurchaseClassAndMemPack" time="67.901"/>
  <system-out/>
</testsuite> <!-- Client.ClientAccountCreation -->
