<?xml version="1.0" encoding="UTF-8"?>
<!-- Generated by org.testng.reporters.JUnitReportReporter -->
<testsuite hostname="LAPTOP-VFKJ2SC9" failures="0" tests="4" name="Client.ClientAccountCreation" time="141.342" errors="0" timestamp="2023-07-22T21:52:00 IST" skipped="0">
  <testcase classname="Client.ClientAccountCreation" name="AccountCreationWith_PurchaseClassPack" time="31.526"/>
  <system-out/>
  <testcase classname="Client.ClientAccountCreation" name="AccountCreationWith_FreeClassPack" time="27.883"/>
  <system-out/>
  <testcase classname="Client.ClientAccountCreation" name="AccountCreationWith_NoPackage" time="50.523"/>
  <system-out/>
  <testcase classname="Client.ClientAccountCreation" name="AccountCreationWith_PurchaseMembership" time="31.410"/>
  <system-out/>
</testsuite> <!-- Client.ClientAccountCreation -->
