<?xml version="1.0" encoding="UTF-8"?>
<!-- Generated by org.testng.reporters.JUnitReportReporter -->
<testsuite hostname="LAPTOP-VFKJ2SC9" failures="0" tests="1" name="Client.ClientAccountSignUp" time="63.096" errors="0" timestamp="2023-09-13T01:34:10 IST" skipped="0">
  <testcase classname="Client.ClientAccountSignUp" name="SignUp_AccountCreationWith_NoPackage" time="63.096"/>
  <system-out/>
</testsuite> <!-- Client.ClientAccountSignUp -->
