<?xml version="1.0" encoding="UTF-8"?>
<!-- Generated by org.testng.reporters.JUnitReportReporter -->
<testsuite hostname="LAPTOP-VFKJ2SC9" failures="0" tests="1" name="Client.ClientAccountSignUpWith_OnlyPoliciesTerm" time="93.961" errors="0" timestamp="2023-11-06T15:46:11 IST" skipped="0">
  <testcase classname="Client.ClientAccountSignUpWith_OnlyPoliciesTerm" name="SignUp_AccountCreationWithOnlyPoliciesTerm_PurchaseClassPack" time="93.961"/>
  <system-out/>
</testsuite> <!-- Client.ClientAccountSignUpWith_OnlyPoliciesTerm -->
