<?xml version="1.0" encoding="UTF-8"?>
<!-- Generated by org.testng.reporters.JUnitReportReporter -->
<testsuite hostname="LAPTOP-VFKJ2SC9" failures="0" tests="1" name="Client.ClientAccountCreationWith_NoTerm" time="93.072" errors="0" timestamp="2023-11-06T17:04:05 IST" skipped="0">
  <testcase classname="Client.ClientAccountCreationWith_NoTerm" name="ClientAccountCreationWith_NoTerm_PurchaseClassPack" time="93.072"/>
  <system-out/>
</testsuite> <!-- Client.ClientAccountCreationWith_NoTerm -->
