<?xml version="1.0" encoding="UTF-8"?>
<!-- Generated by org.testng.reporters.JUnitReportReporter -->
<testsuite hostname="LAPTOP-VFKJ2SC9" failures="0" tests="1" name="Client.ClientAccountCreation" time="188.418" errors="0" timestamp="2023-08-29T23:49:42 IST" skipped="0">
  <testcase classname="Client.ClientAccountCreation" name="AccountCreationWith_NoPackage" time="188.418"/>
  <system-out/>
</testsuite> <!-- Client.ClientAccountCreation -->
