<?xml version="1.0" encoding="UTF-8"?>
<!-- Generated by org.testng.reporters.JUnitReportReporter -->
<testsuite hostname="LAPTOP-VFKJ2SC9" failures="0" tests="1" name="Client.ClientAccountCreation" time="131.782" errors="0" timestamp="2023-08-22T22:59:12 IST" skipped="0">
  <testcase classname="Client.ClientAccountCreation" name="AccountCreationWith_NoPackage" time="131.782"/>
  <system-out/>
</testsuite> <!-- Client.ClientAccountCreation -->
