<?xml version="1.0" encoding="UTF-8"?>
<!-- Generated by org.testng.reporters.JUnitReportReporter -->
<testsuite hostname="LAPTOP-VFKJ2SC9" failures="0" tests="8" name="Client.ClientAccountCreation" time="500.575" errors="0" timestamp="2023-08-13T03:19:11 IST" skipped="0">
  <testcase classname="Client.ClientAccountCreation" name="AccountCreationWith_NoPackage" time="49.679"/>
  <system-out/>
  <testcase classname="Client.ClientAccountCreation" name="AccountCreationWith_FreeTrailPack" time="61.782"/>
  <system-out/>
  <testcase classname="Client.ClientAccountCreation" name="AccountCreationWith_PurchaseClassPack" time="62.621"/>
  <system-out/>
  <testcase classname="Client.ClientAccountCreation" name="AccountCreationWith_PurchaseMemPack" time="63.788"/>
  <system-out/>
  <testcase classname="Client.ClientAccountCreation" name="AccountCreationWith_PurchaseUnlimitedMem" time="64.742"/>
  <system-out/>
  <testcase classname="Client.ClientAccountCreation" name="AccountCreationWith_FreeFirstMonthMemPack" time="65.392"/>
  <system-out/>
  <testcase classname="Client.ClientAccountCreation" name="AccountCreationWith_PurchaseClassAndMemPack" time="66.605"/>
  <system-out/>
  <testcase classname="Client.ClientAccountCreation" name="AccountCreationWith_PurchaseClassAndMemPack_ClassPackPromo" time="65.966"/>
  <system-out/>
</testsuite> <!-- Client.ClientAccountCreation -->
