<?xml version="1.0" encoding="UTF-8"?>
<!-- Generated by org.testng.reporters.JUnitReportReporter -->
<testsuite hostname="LAPTOP-VFKJ2SC9" failures="0" tests="2" name="Client.ClientSignUpMenu" time="132.456" errors="0" timestamp="2023-08-10T00:51:28 IST" skipped="0">
  <testcase classname="Client.ClientSignUpMenu" name="SignUpMenu_AccountCreationWith_FreeTrailPack" time="72.501"/>
  <system-out/>
  <testcase classname="Client.ClientSignUpMenu" name="SignUpMenu_AccountCreationWith_NoPackage" time="59.955"/>
  <system-out/>
</testsuite> <!-- Client.ClientSignUpMenu -->
