<?xml version="1.0" encoding="UTF-8"?>
<!-- Generated by org.testng.reporters.JUnitReportReporter -->
<testsuite hostname="LAPTOP-VFKJ2SC9" failures="0" tests="1" name="Client.ClientAccountCreationWith_OnlyWaiverTerm" time="54.193" errors="0" timestamp="2023-09-12T13:20:35 IST" skipped="0">
  <testcase classname="Client.ClientAccountCreationWith_OnlyWaiverTerm" name="AccountCreationWith_NoPackage" time="54.193"/>
  <system-out/>
</testsuite> <!-- Client.ClientAccountCreationWith_OnlyWaiverTerm -->
