<?xml version="1.0" encoding="UTF-8"?>
<!-- Generated by org.testng.reporters.JUnitReportReporter -->
<testsuite hostname="LAPTOP-VFKJ2SC9" failures="0" tests="1" name="Client.ClientAccountCreation" time="95.104" errors="0" timestamp="2023-08-30T15:11:09 IST" skipped="0">
  <testcase classname="Client.ClientAccountCreation" name="AccountCreationWith_PurchaseClassPackWith_PromoCodeAndRelativeCard" time="95.104"/>
  <system-out/>
</testsuite> <!-- Client.ClientAccountCreation -->
