<?xml version="1.0" encoding="UTF-8"?>
<!-- Generated by org.testng.reporters.JUnitReportReporter -->
<testsuite hostname="LAPTOP-VFKJ2SC9" failures="0" tests="1" name="Client.ClientSignUpLink" time="22.099" errors="0" timestamp="2023-08-04T16:23:43 IST" skipped="0">
  <testcase classname="Client.ClientSignUpLink" name="noPackageClientLogin" time="22.099"/>
  <system-out/>
</testsuite> <!-- Client.ClientSignUpLink -->
