<?xml version="1.0" encoding="UTF-8"?>
<!-- Generated by org.testng.reporters.JUnitReportReporter -->
<testsuite hostname="LAPTOP-VFKJ2SC9" failures="0" tests="1" name="Client.ClientAccountCreation" time="27.728" errors="0" timestamp="2023-07-22T15:46:30 IST" skipped="0">
  <testcase classname="Client.ClientAccountCreation" name="AccountCreationWithSkipPackage" time="27.728"/>
  <system-out/>
</testsuite> <!-- Client.ClientAccountCreation -->
