<?xml version="1.0" encoding="UTF-8"?>
<!-- Generated by org.testng.reporters.JUnitReportReporter -->
<testsuite hostname="LAPTOP-VFKJ2SC9" failures="0" tests="1" name="Client.ClientAccountSignUp" time="69.927" errors="0" timestamp="2023-08-21T18:36:46 IST" skipped="0">
  <testcase classname="Client.ClientAccountSignUp" name="SignUp_AccountCreationWith_FreeFirstMonthMemPack" time="69.927"/>
  <system-out/>
</testsuite> <!-- Client.ClientAccountSignUp -->
