<?xml version="1.0" encoding="UTF-8"?>
<!-- Generated by org.testng.reporters.JUnitReportReporter -->
<testsuite hostname="LAPTOP-VFKJ2SC9" failures="0" tests="8" name="Client.ClientAccountSignUp" time="794.837" errors="0" timestamp="2023-10-25T01:40:43 IST" skipped="0">
  <testcase classname="Client.ClientAccountSignUp" name="SignUp_AccountCreationWith_NoPackage" time="60.166"/>
  <system-out/>
  <testcase classname="Client.ClientAccountSignUp" name="SignUp_AccountCreationWith_FreeTrailPack" time="79.656"/>
  <system-out/>
  <testcase classname="Client.ClientAccountSignUp" name="SignUp_AccountCreationWith_PurchaseClassPack" time="108.394"/>
  <system-out/>
  <testcase classname="Client.ClientAccountSignUp" name="SignUp_AccountCreationWith_PurchaseMemPack" time="112.246"/>
  <system-out/>
  <testcase classname="Client.ClientAccountSignUp" name="SignUp_AccountCreationWith_PurchaseUnlimitedMem" time="109.716"/>
  <system-out/>
  <testcase classname="Client.ClientAccountSignUp" name="SignUp_AccountCreationWith_FreeFirstMonthMemPack" time="106.723"/>
  <system-out/>
  <testcase classname="Client.ClientAccountSignUp" name="SignUp_AccountCreationWith_PurchaseClassAndMemPack" time="113.982"/>
  <system-out/>
  <testcase classname="Client.ClientAccountSignUp" name="SignUp_AccountCreationWith_PurchaseClassAndMemPack_ClassPackPromoCode" time="103.954"/>
  <system-out/>
</testsuite> <!-- Client.ClientAccountSignUp -->
