<?xml version="1.0" encoding="UTF-8"?>
<!-- Generated by org.testng.reporters.JUnitReportReporter -->
<testsuite hostname="LAPTOP-VFKJ2SC9" failures="0" tests="1" name="Client.ClientAccountSignUpWith_NoTerm" time="93.832" errors="0" timestamp="2023-11-06T14:41:52 IST" skipped="0">
  <testcase classname="Client.ClientAccountSignUpWith_NoTerm" name="SignUp_AccountCreationWith_NoTerm_PurchaseClassAndMemPack_ClassPackPromoCode" time="93.832"/>
  <system-out/>
</testsuite> <!-- Client.ClientAccountSignUpWith_NoTerm -->
