<?xml version="1.0" encoding="UTF-8"?>
<!-- Generated by org.testng.reporters.JUnitReportReporter -->
<testsuite hostname="LAPTOP-VFKJ2SC9" failures="0" tests="8" name="Client.ClientAccountSignUp" time="575.222" errors="0" timestamp="2023-09-03T14:22:12 IST" skipped="0">
  <testcase classname="Client.ClientAccountSignUp" name="SignUp_AccountCreationWith_NoPackage" time="35.936"/>
  <system-out/>
  <testcase classname="Client.ClientAccountSignUp" name="SignUp_AccountCreationWith_FreeTrailPack" time="63.556"/>
  <system-out/>
  <testcase classname="Client.ClientAccountSignUp" name="SignUp_AccountCreationWith_PurchaseClassPack" time="67.941"/>
  <system-out/>
  <testcase classname="Client.ClientAccountSignUp" name="SignUp_AccountCreationWith_PurchaseMemPack" time="67.399"/>
  <system-out/>
  <testcase classname="Client.ClientAccountSignUp" name="SignUp_AccountCreationWith_PurchaseUnlimitedMem" time="89.242"/>
  <system-out/>
  <testcase classname="Client.ClientAccountSignUp" name="SignUp_AccountCreationWith_FreeFirstMonthMemPack" time="71.111"/>
  <system-out/>
  <testcase classname="Client.ClientAccountSignUp" name="SignUp_AccountCreationWith_PurchaseClassAndMemPack" time="94.900"/>
  <system-out/>
  <testcase classname="Client.ClientAccountSignUp" name="SignUp_AccountCreationWith_PurchaseClassAndMemPack_ClassPackPromoCode" time="85.137"/>
  <system-out/>
</testsuite> <!-- Client.ClientAccountSignUp -->
