<?xml version="1.0" encoding="UTF-8"?>
<!-- Generated by org.testng.reporters.JUnitReportReporter -->
<testsuite hostname="LAPTOP-VFKJ2SC9" failures="0" tests="8" name="Client.ClientAccountSignUp" time="526.608" errors="0" timestamp="2023-08-28T14:00:53 IST" skipped="0">
  <testcase classname="Client.ClientAccountSignUp" name="SignUp_AccountCreationWith_NoPackage" time="53.675"/>
  <system-out/>
  <testcase classname="Client.ClientAccountSignUp" name="SignUp_AccountCreationWith_FreeTrailPack" time="63.305"/>
  <system-out/>
  <testcase classname="Client.ClientAccountSignUp" name="SignUp_AccountCreationWith_PurchaseClassPack" time="67.619"/>
  <system-out/>
  <testcase classname="Client.ClientAccountSignUp" name="SignUp_AccountCreationWith_PurchaseMemPack" time="66.722"/>
  <system-out/>
  <testcase classname="Client.ClientAccountSignUp" name="SignUp_AccountCreationWith_PurchaseUnlimitedMem" time="66.774"/>
  <system-out/>
  <testcase classname="Client.ClientAccountSignUp" name="SignUp_AccountCreationWith_FreeFirstMonthMemPack" time="70.779"/>
  <system-out/>
  <testcase classname="Client.ClientAccountSignUp" name="SignUp_AccountCreationWith_PurchaseClassAndMemPack" time="69.394"/>
  <system-out/>
  <testcase classname="Client.ClientAccountSignUp" name="SignUp_AccountCreationWith_PurchaseClassAndMemPack_ClassPackPromoCode" time="68.340"/>
  <system-out/>
</testsuite> <!-- Client.ClientAccountSignUp -->
