<?xml version="1.0" encoding="UTF-8"?>
<!-- Generated by org.testng.reporters.JUnitReportReporter -->
<testsuite hostname="LAPTOP-VFKJ2SC9" failures="0" tests="1" name="Client.ClientAccountCreation" time="31.392" errors="0" timestamp="2023-07-21T16:52:11 IST" skipped="0">
  <testcase classname="Client.ClientAccountCreation" name="AccountCreationWith_FreeClassPack" time="31.392"/>
  <system-out/>
</testsuite> <!-- Client.ClientAccountCreation -->
