<?xml version="1.0" encoding="UTF-8"?>
<!-- Generated by org.testng.reporters.JUnitReportReporter -->
<testsuite hostname="LAPTOP-VFKJ2SC9" failures="0" tests="1" name="Client.ClientAccountCreationWith_OnlyPoliciesTerm" time="92.943" errors="0" timestamp="2023-11-06T17:12:11 IST" skipped="0">
  <testcase classname="Client.ClientAccountCreationWith_OnlyPoliciesTerm" name="SignUp_AccountCreationWithOnlyPoliciesTerm_PurchaseClassPack" time="92.943"/>
  <system-out/>
</testsuite> <!-- Client.ClientAccountCreationWith_OnlyPoliciesTerm -->
