<?xml version="1.0" encoding="UTF-8"?>
<!-- Generated by org.testng.reporters.JUnitReportReporter -->
<testsuite hostname="LAPTOP-VFKJ2SC9" failures="0" tests="16" name="Client.ClientAccountCreationWith_NoTerm" time="1356.906" errors="1" timestamp="2023-08-30T17:43:05 IST" skipped="0">
  <testcase classname="Client.ClientAccountCreationWith_NoTerm" name="AccountCreationWithNoTerm_NoPackage" time="54.381"/>
  <system-out/>
  <testcase classname="Client.ClientAccountCreationWith_NoTerm" name="AccountCreationWithNoTerm_FreeTrailPack" time="65.790"/>
  <system-out/>
  <testcase classname="Client.ClientAccountCreationWith_NoTerm" name="AccountCreationWithNoTerm_PurchaseClassPackWith_PromoCodeAndSelfCard" time="97.868"/>
  <system-out/>
  <testcase classname="Client.ClientAccountCreationWith_NoTerm" name="AccountCreationWithNoTerm_PurchaseClassPackWith_PromoCodeAndRelativeCard" time="92.031"/>
  <system-out/>
  <testcase classname="Client.ClientAccountCreationWith_NoTerm" name="AccountCreationWithNoTerm_PurchaseClassPackWith_NoPromoCodeAndSelfCard" time="87.221"/>
  <system-out/>
  <testcase classname="Client.ClientAccountCreationWith_NoTerm" name="AccountCreationWithNoTerm_PurchaseClassPackWith_NoPromoCodeAndRelativeCard" time="91.574"/>
  <system-out/>
  <testcase classname="Client.ClientAccountCreationWith_NoTerm" name="AccountCreationWithNoTerm_PurchaseMemPackWith_PromoCodeAndSelfCard" time="111.441"/>
  <system-out/>
  <testcase classname="Client.ClientAccountCreationWith_NoTerm" name="AccountCreationWithNoTerm_PurchaseMemPackWith_PromoCodeAndRelativeCard" time="67.489">
    <error message="Expected condition failed: waiting for element to be clickable: Proxy element for: DefaultElementLocator &#039;By.xpath: //p/div/div[7]/div/div[2]/div&#039; (tried for 30 second(s) with 500 milliseconds interval)" type="org.openqa.selenium.TimeoutException">
      <![CDATA[org.openqa.selenium.TimeoutException: Expected condition failed: waiting for element to be clickable: Proxy element for: DefaultElementLocator 'By.xpath: //p/div/div[7]/div/div[2]/div' (tried for 30 second(s) with 500 milliseconds interval)
at org.openqa.selenium.support.ui.WebDriverWait.timeoutException(WebDriverWait.java:84)
at org.openqa.selenium.support.ui.FluentWait.until(FluentWait.java:230)
at Abstract.Abstract_Component.waitForElementToBeClickable(Abstract_Component.java:55)
at Page_Objects.ClientSignUp.SessionOnCalendar(ClientSignUp.java:40)
at Client.ClientAccountCreationWith_NoTerm.AccountCreationWithNoTerm_PurchaseMemPackWith_PromoCodeAndRelativeCard(ClientAccountCreationWith_NoTerm.java:445)
at java.base/jdk.internal.reflect.NativeMethodAccessorImpl.invoke0(Native Method)
at java.base/jdk.internal.reflect.NativeMethodAccessorImpl.invoke(NativeMethodAccessorImpl.java:77)
at java.base/jdk.internal.reflect.DelegatingMethodAccessorImpl.invoke(DelegatingMethodAccessorImpl.java:43)
at java.base/java.lang.reflect.Method.invoke(Method.java:568)
at org.testng.internal.MethodInvocationHelper.invokeMethod(MethodInvocationHelper.java:133)
at org.testng.internal.TestInvoker.invokeMethod(TestInvoker.java:598)
at org.testng.internal.TestInvoker.invokeTestMethod(TestInvoker.java:173)
at org.testng.internal.MethodRunner.runInSequence(MethodRunner.java:46)
at org.testng.internal.TestInvoker$MethodInvocationAgent.invoke(TestInvoker.java:824)
at org.testng.internal.TestInvoker.invokeTestMethods(TestInvoker.java:146)
at org.testng.internal.TestMethodWorker.invokeTestMethods(TestMethodWorker.java:146)
at org.testng.internal.TestMethodWorker.run(TestMethodWorker.java:128)
at java.base/java.util.ArrayList.forEach(ArrayList.java:1511)
at org.testng.TestRunner.privateRun(TestRunner.java:794)
at org.testng.TestRunner.run(TestRunner.java:596)
at org.testng.SuiteRunner.runTest(SuiteRunner.java:377)
at org.testng.SuiteRunner.runSequentially(SuiteRunner.java:371)
at org.testng.SuiteRunner.privateRun(SuiteRunner.java:332)
at org.testng.SuiteRunner.run(SuiteRunner.java:276)
at org.testng.SuiteRunnerWorker.runSuite(SuiteRunnerWorker.java:53)
at org.testng.SuiteRunnerWorker.run(SuiteRunnerWorker.java:96)
at org.testng.TestNG.runSuitesSequentially(TestNG.java:1212)
at org.testng.TestNG.runSuitesLocally(TestNG.java:1134)
at org.testng.TestNG.runSuites(TestNG.java:1063)
at org.testng.TestNG.run(TestNG.java:1031)
at org.testng.remote.AbstractRemoteTestNG.run(AbstractRemoteTestNG.java:115)
at org.testng.remote.RemoteTestNG.initAndRun(RemoteTestNG.java:251)
at org.testng.remote.RemoteTestNG.main(RemoteTestNG.java:77)
Caused by: org.openqa.selenium.NoSuchElementException: no such element: Unable to locate element: {"method":"xpath","selector":"//p/div/div[7]/div/div[2]/div"}
  (Session info: chrome=116.0.5845.111)
For documentation on this error, please visit: https://www.selenium.dev/documentation/webdriver/troubleshooting/errors#no-such-element-exception
Build info: version: '4.11.0', revision: '040bc5406b'
System info: os.name: 'Windows 10', os.arch: 'amd64', os.version: '10.0', java.version: '17.0.6'
Driver info: org.openqa.selenium.chrome.ChromeDriver
Command: [967b5fb8fa87d958f3fbed203f90b763, findElement {using=xpath, value=//p/div/div[7]/div/div[2]/div}]
Capabilities {acceptInsecureCerts: false, browserName: chrome, browserVersion: 116.0.5845.111, chrome: {chromedriverVersion: 116.0.5845.96 (1a3918166880..., userDataDir: C:\Users\JYOTI_~1\AppData\L...}, fedcm:accounts: true, goog:chromeOptions: {debuggerAddress: localhost:53932}, networkConnectionEnabled: false, pageLoadStrategy: normal, platformName: windows, proxy: Proxy(), se:cdp: ws://localhost:53932/devtoo..., se:cdpVersion: 116.0.5845.111, setWindowRect: true, strictFileInteractability: false, timeouts: {implicit: 0, pageLoad: 300000, script: 30000}, unhandledPromptBehavior: dismiss and notify, webauthn:extension:credBlob: true, webauthn:extension:largeBlob: true, webauthn:extension:minPinLength: true, webauthn:extension:prf: true, webauthn:virtualAuthenticators: true}
Session ID: 967b5fb8fa87d958f3fbed203f90b763
at java.base/jdk.internal.reflect.NativeConstructorAccessorImpl.newInstance0(Native Method)
at java.base/jdk.internal.reflect.NativeConstructorAccessorImpl.newInstance(NativeConstructorAccessorImpl.java:77)
at java.base/jdk.internal.reflect.DelegatingConstructorAccessorImpl.newInstance(DelegatingConstructorAccessorImpl.java:45)
at java.base/java.lang.reflect.Constructor.newInstanceWithCaller(Constructor.java:499)
at java.base/java.lang.reflect.Constructor.newInstance(Constructor.java:480)
at org.openqa.selenium.remote.codec.w3c.W3CHttpResponseCodec.createException(W3CHttpResponseCodec.java:200)
at org.openqa.selenium.remote.codec.w3c.W3CHttpResponseCodec.decode(W3CHttpResponseCodec.java:133)
at org.openqa.selenium.remote.codec.w3c.W3CHttpResponseCodec.decode(W3CHttpResponseCodec.java:52)
at org.openqa.selenium.remote.HttpCommandExecutor.execute(HttpCommandExecutor.java:191)
at org.openqa.selenium.remote.service.DriverCommandExecutor.invokeExecute(DriverCommandExecutor.java:196)
at org.openqa.selenium.remote.service.DriverCommandExecutor.execute(DriverCommandExecutor.java:171)
at org.openqa.selenium.remote.RemoteWebDriver.execute(RemoteWebDriver.java:518)
at org.openqa.selenium.remote.ElementLocation$ElementFinder$2.findElement(ElementLocation.java:165)
at org.openqa.selenium.remote.ElementLocation.findElement(ElementLocation.java:59)
at org.openqa.selenium.remote.RemoteWebDriver.findElement(RemoteWebDriver.java:355)
at org.openqa.selenium.remote.RemoteWebDriver.findElement(RemoteWebDriver.java:349)
at org.openqa.selenium.support.pagefactory.DefaultElementLocator.findElement(DefaultElementLocator.java:68)
at org.openqa.selenium.support.pagefactory.internal.LocatingElementHandler.invoke(LocatingElementHandler.java:38)
at jdk.proxy2/jdk.proxy2.$Proxy16.isDisplayed(Unknown Source)
at org.openqa.selenium.support.ui.ExpectedConditions.elementIfVisible(ExpectedConditions.java:304)
at org.openqa.selenium.support.ui.ExpectedConditions.access$000(ExpectedConditions.java:37)
at org.openqa.selenium.support.ui.ExpectedConditions$10.apply(ExpectedConditions.java:290)
at org.openqa.selenium.support.ui.ExpectedConditions$10.apply(ExpectedConditions.java:287)
at org.openqa.selenium.support.ui.ExpectedConditions$23.apply(ExpectedConditions.java:656)
at org.openqa.selenium.support.ui.ExpectedConditions$23.apply(ExpectedConditions.java:652)
at org.openqa.selenium.support.ui.FluentWait.until(FluentWait.java:205)
... 31 more
]]>
    </error>
  </testcase> <!-- AccountCreationWithNoTerm_PurchaseMemPackWith_PromoCodeAndRelativeCard -->
  <system-out/>
  <testcase classname="Client.ClientAccountCreationWith_NoTerm" name="AccountCreationWithNoTerm_PurchaseMemPackWith_NoPromoCodeAndSelfCard" time="88.365"/>
  <system-out/>
  <testcase classname="Client.ClientAccountCreationWith_NoTerm" name="AccountCreationWithNoTerm_PurchaseUnlimitedMemWith_PromoCodeAndSelfCard" time="88.282"/>
  <system-out/>
  <testcase classname="Client.ClientAccountCreationWith_NoTerm" name="AccountCreationWithNoTerm_PurchaseUnlimitedMemWith_PromoCodeAndRelativeCard" time="68.636"/>
  <system-out/>
  <testcase classname="Client.ClientAccountCreationWith_NoTerm" name="AccountCreationWithNoTerm_PurchaseUnlimitedMemWith_NoPromoCodeAndSelfCard" time="90.416"/>
  <system-out/>
  <testcase classname="Client.ClientAccountCreationWith_NoTerm" name="AccountCreationWithNoTerm_FreeFirstMonthMemPack" time="88.978"/>
  <system-out/>
  <testcase classname="Client.ClientAccountCreationWith_NoTerm" name="AccountCreationWithNoTerm_PurchaseClassAndMemPackWith_MemPromoCode" time="89.846"/>
  <system-out/>
  <testcase classname="Client.ClientAccountCreationWith_NoTerm" name="AccountCreationWithNoTerm_PurchaseClassAndMemPackWith_ClassPromoCode" time="88.620"/>
  <system-out/>
  <testcase classname="Client.ClientAccountCreationWith_NoTerm" name="AccountCreationWithNoTerm_PurchaseClassAndMemPack" time="85.968"/>
  <system-out/>
</testsuite> <!-- Client.ClientAccountCreationWith_NoTerm -->
