<?xml version="1.0" encoding="UTF-8"?>
<!-- Generated by org.testng.reporters.JUnitReportReporter -->
<testsuite hostname="LAPTOP-VFKJ2SC9" failures="0" tests="1" name="Client.Step1" time="15.119" errors="0" timestamp="2023-07-16T02:25:01 IST" skipped="0">
  <testcase classname="Client.Step1" name="AccountDetailsComplete" time="15.119"/>
  <system-out/>
</testsuite> <!-- Client.Step1 -->
