<?xml version="1.0" encoding="UTF-8"?>
<!-- Generated by org.testng.reporters.JUnitReportReporter -->
<testsuite hostname="LAPTOP-VFKJ2SC9" failures="0" tests="8" name="Client.ClientAccountSignUpWith_OnlyPoliciesTerm" time="609.295" errors="0" timestamp="2023-09-12T14:52:24 IST" skipped="0">
  <testcase classname="Client.ClientAccountSignUpWith_OnlyPoliciesTerm" name="SignUp_AccountCreationWithOnlyPoliciesTerm_NoPackage" time="35.431"/>
  <system-out/>
  <testcase classname="Client.ClientAccountSignUpWith_OnlyPoliciesTerm" name="SignUp_AccountCreationWithOnlyPoliciesTerm_FreeTrailPack" time="64.351"/>
  <system-out/>
  <testcase classname="Client.ClientAccountSignUpWith_OnlyPoliciesTerm" name="SignUp_AccountCreationWithOnlyPoliciesTerm_PurchaseClassPack" time="88.525"/>
  <system-out/>
  <testcase classname="Client.ClientAccountSignUpWith_OnlyPoliciesTerm" name="SignUp_AccountCreationWithOnlyPoliciesTerm_PurchaseMemPack" time="88.540"/>
  <system-out/>
  <testcase classname="Client.ClientAccountSignUpWith_OnlyPoliciesTerm" name="SignUp_AccountCreationWithOnlyPoliciesTerm_PurchaseUnlimitedMem" time="89.668"/>
  <system-out/>
  <testcase classname="Client.ClientAccountSignUpWith_OnlyPoliciesTerm" name="SignUp_AccountCreationWithOnlyPoliciesTerm_FreeFirstMonthMemPack" time="67.747"/>
  <system-out/>
  <testcase classname="Client.ClientAccountSignUpWith_OnlyPoliciesTerm" name="SignUp_AccountCreationWithOnlyPoliciesTerm_PurchaseClassAndMemPack" time="87.533"/>
  <system-out/>
  <testcase classname="Client.ClientAccountSignUpWith_OnlyPoliciesTerm" name="SignUp_AccountCreationWithOnlyPoliciesTerm_PurchaseClassAndMemPack_ClassPackPromoCode" time="87.500"/>
  <system-out/>
</testsuite> <!-- Client.ClientAccountSignUpWith_OnlyPoliciesTerm -->
