<?xml version="1.0" encoding="UTF-8"?>
<!-- Generated by org.testng.reporters.JUnitReportReporter -->
<testsuite hostname="LAPTOP-VFKJ2SC9" failures="0" tests="1" name="Client.ClientAccountCreation" time="201.068" errors="0" timestamp="2023-11-14T01:04:08 IST" skipped="0">
  <testcase classname="Client.ClientAccountCreation" name="AccountCreationWith_PurchaseClassPackWith_PromoCodeAndRelativeCard" time="201.068"/>
  <system-out/>
</testsuite> <!-- Client.ClientAccountCreation -->
