<?xml version="1.0" encoding="UTF-8"?>
<!-- Generated by org.testng.reporters.JUnitReportReporter -->
<testsuite hostname="LAPTOP-VFKJ2SC9" failures="0" tests="1" name="Client.ClientAccountCreation" time="68.684" errors="0" timestamp="2023-10-25T01:14:38 IST" skipped="0">
  <testcase classname="Client.ClientAccountCreation" name="AccountCreationWith_PurchaseUnlimitedMemWith_NoPromoCodeAndSelfCard" time="68.684"/>
  <system-out/>
</testsuite> <!-- Client.ClientAccountCreation -->
