<?xml version="1.0" encoding="UTF-8"?>
<!-- Generated by org.testng.reporters.JUnitReportReporter -->
<testsuite hostname="LAPTOP-VFKJ2SC9" failures="0" tests="8" name="Client.ClientAccountSignUpWith_NoTerm" time="647.063" errors="0" timestamp="2023-08-30T17:15:33 IST" skipped="0">
  <testcase classname="Client.ClientAccountSignUpWith_NoTerm" name="SignUp_AccountCreationWith_NoTerm_NoPackage" time="57.501"/>
  <system-out/>
  <testcase classname="Client.ClientAccountSignUpWith_NoTerm" name="SignUp_AccountCreationWith_NoTerm_FreeTrailPack" time="66.443"/>
  <system-out/>
  <testcase classname="Client.ClientAccountSignUpWith_NoTerm" name="SignUp_AccountCreationWith_NoTerm_PurchaseClassPack" time="71.936"/>
  <system-out/>
  <testcase classname="Client.ClientAccountSignUpWith_NoTerm" name="SignUp_AccountCreationWith_NoTerm_PurchaseMemPack" time="89.934"/>
  <system-out/>
  <testcase classname="Client.ClientAccountSignUpWith_NoTerm" name="SignUp_AccountCreationWith_NoTerm_PurchaseUnlimitedMem" time="90.828"/>
  <system-out/>
  <testcase classname="Client.ClientAccountSignUpWith_NoTerm" name="SignUp_AccountCreationWith_NoTerm_FreeFirstMonthMemPack" time="85.461"/>
  <system-out/>
  <testcase classname="Client.ClientAccountSignUpWith_NoTerm" name="SignUp_AccountCreationWith_NoTerm_PurchaseClassAndMemPack" time="89.673"/>
  <system-out/>
  <testcase classname="Client.ClientAccountSignUpWith_NoTerm" name="SignUp_AccountCreationWith_NoTerm_PurchaseClassAndMemPack_ClassPackPromoCode" time="95.287"/>
  <system-out/>
</testsuite> <!-- Client.ClientAccountSignUpWith_NoTerm -->
