<?xml version="1.0" encoding="UTF-8"?>
<!-- Generated by org.testng.reporters.JUnitReportReporter -->
<testsuite hostname="LAPTOP-VFKJ2SC9" failures="0" tests="7" name="Client.ClientAccountSignUp" time="387.848" errors="0" timestamp="2023-08-13T03:26:09 IST" skipped="0">
  <testcase classname="Client.ClientAccountSignUp" name="SignUp_AccountCreationWith_NoPackage" time="32.489"/>
  <system-out/>
  <testcase classname="Client.ClientAccountSignUp" name="SignUp_AccountCreationWith_FreeTrailPack" time="38.191"/>
  <system-out/>
  <testcase classname="Client.ClientAccountSignUp" name="SignUp_AccountCreationWith_PurchaseClassPack" time="62.631"/>
  <system-out/>
  <testcase classname="Client.ClientAccountSignUp" name="SignUp_AccountCreationWith_PurchaseMemPack" time="62.596"/>
  <system-out/>
  <testcase classname="Client.ClientAccountSignUp" name="SignUp_AccountCreationWith_PurchaseUnlimitedMem" time="67.210"/>
  <system-out/>
  <testcase classname="Client.ClientAccountSignUp" name="SignUp_AccountCreationWith_FreeFirstMonthMemPack" time="63.040"/>
  <system-out/>
  <testcase classname="Client.ClientAccountSignUp" name="SignUp_AccountCreationWith_PurchaseClassAndMemPack" time="61.691"/>
  <system-out/>
</testsuite> <!-- Client.ClientAccountSignUp -->
