<?xml version="1.0" encoding="UTF-8"?>
<!-- Generated by org.testng.reporters.JUnitReportReporter -->
<testsuite hostname="LAPTOP-VFKJ2SC9" failures="0" tests="1" name="Client.ClientAccountSignUpWith_OnlyWaiverTerm" time="93.830" errors="0" timestamp="2023-11-06T16:05:44 IST" skipped="0">
  <testcase classname="Client.ClientAccountSignUpWith_OnlyWaiverTerm" name="SignUp_AccountCreationWithOnlyWaiverTerm_PurchaseClassPack" time="93.830"/>
  <system-out/>
</testsuite> <!-- Client.ClientAccountSignUpWith_OnlyWaiverTerm -->
