<?xml version="1.0" encoding="UTF-8"?>
<!-- Generated by org.testng.reporters.JUnitReportReporter -->
<testsuite hostname="LAPTOP-VFKJ2SC9" failures="0" tests="1" name="tests.ClientAccountCreation" time="201.936" errors="0" timestamp="2023-11-25T03:08:59 IST" skipped="0">
  <testcase classname="tests.ClientAccountCreation" name="AccountCreationWith_PurchaseClassPackAndDifferentFirstMonthMemPackWith_NoPromoCodeAndSelfCard" time="201.936"/>
  <system-out/>
</testsuite> <!-- tests.ClientAccountCreation -->
