<?xml version="1.0" encoding="UTF-8"?>
<!-- Generated by org.testng.reporters.JUnitReportReporter -->
<testsuite hostname="LAPTOP-VFKJ2SC9" failures="0" tests="8" name="tests.ClientAccountSignUp" time="1358.421" errors="0" timestamp="2023-11-23T18:33:18 IST" skipped="0">
  <testcase classname="tests.ClientAccountSignUp" name="SignUp_AccountCreationWith_NoPackage" time="79.954"/>
  <system-out/>
  <testcase classname="tests.ClientAccountSignUp" name="SignUp_AccountCreationWith_FreeTrailPack" time="135.346"/>
  <system-out/>
  <testcase classname="tests.ClientAccountSignUp" name="SignUp_AccountCreationWith_PurchaseClassPack" time="188.732"/>
  <system-out/>
  <testcase classname="tests.ClientAccountSignUp" name="SignUp_AccountCreationWith_PurchaseMemPack" time="190.801"/>
  <system-out/>
  <testcase classname="tests.ClientAccountSignUp" name="SignUp_AccountCreationWith_PurchaseUnlimitedMem" time="192.694"/>
  <system-out/>
  <testcase classname="tests.ClientAccountSignUp" name="SignUp_AccountCreationWith_FreeFirstMonthMemPack" time="189.371"/>
  <system-out/>
  <testcase classname="tests.ClientAccountSignUp" name="SignUp_AccountCreationWith_PurchaseClassAndMemPack_WithMemPackPromoCode" time="190.039"/>
  <system-out/>
  <testcase classname="tests.ClientAccountSignUp" name="SignUp_AccountCreationWith_PurchaseClassAndMemPack_ClassPackPromoCode" time="191.484"/>
  <system-out/>
</testsuite> <!-- tests.ClientAccountSignUp -->
