<?xml version="1.0" encoding="UTF-8"?>
<!-- Generated by org.testng.reporters.JUnitReportReporter -->
<testsuite hostname="LAPTOP-VFKJ2SC9" failures="0" tests="8" name="Client.ClientAccountSignUpWith_OnlyWaiverTerm" time="730.039" errors="0" timestamp="2023-09-12T15:09:41 IST" skipped="0">
  <testcase classname="Client.ClientAccountSignUpWith_OnlyWaiverTerm" name="SignUp_AccountCreationWithOnlyWaiverTerm_NoPackage" time="64.166"/>
  <system-out/>
  <testcase classname="Client.ClientAccountSignUpWith_OnlyWaiverTerm" name="SignUp_AccountCreationWithOnlyWaiverTerm_FreeTrailPack" time="68.053"/>
  <system-out/>
  <testcase classname="Client.ClientAccountSignUpWith_OnlyWaiverTerm" name="SignUp_AccountCreationWithOnlyWaiverTerm_PurchaseClassPack" time="104.178"/>
  <system-out/>
  <testcase classname="Client.ClientAccountSignUpWith_OnlyWaiverTerm" name="SignUp_AccountCreationWithOnlyWaiverTerm_PurchaseMemPack" time="98.681"/>
  <system-out/>
  <testcase classname="Client.ClientAccountSignUpWith_OnlyWaiverTerm" name="SignUp_AccountCreationWithOnlyWaiverTerm_PurchaseUnlimitedMem" time="116.942"/>
  <system-out/>
  <testcase classname="Client.ClientAccountSignUpWith_OnlyWaiverTerm" name="SignUp_AccountCreationWithOnlyWaiverTerm_FreeFirstMonthMemPack" time="90.833"/>
  <system-out/>
  <testcase classname="Client.ClientAccountSignUpWith_OnlyWaiverTerm" name="SignUp_AccountCreationWithOnlyWaiverTerm_PurchaseClassAndMemPack" time="93.898"/>
  <system-out/>
  <testcase classname="Client.ClientAccountSignUpWith_OnlyWaiverTerm" name="SignUp_AccountCreationWithOnlyWaiverTerm_PurchaseClassAndMemPack_ClassPackPromoCode" time="93.288"/>
  <system-out/>
</testsuite> <!-- Client.ClientAccountSignUpWith_OnlyWaiverTerm -->
