<?xml version="1.0" encoding="UTF-8"?>
<!-- Generated by org.testng.reporters.JUnitReportReporter -->
<testsuite hostname="LAPTOP-VFKJ2SC9" failures="0" tests="1" name="Client.ClientAccountCreation" time="91.238" errors="0" timestamp="2023-09-19T12:46:00 IST" skipped="0">
  <testcase classname="Client.ClientAccountCreation" name="AccountCreationWith_FreeTrailPack" time="91.238"/>
  <system-out/>
</testsuite> <!-- Client.ClientAccountCreation -->
