<?xml version="1.0" encoding="UTF-8"?>
<!-- Generated by org.testng.reporters.JUnitReportReporter -->
<testsuite hostname="LAPTOP-VFKJ2SC9" failures="0" tests="4" name="Client.ClientAccountCreation" time="130.800" errors="0" timestamp="2023-07-19T01:02:43 IST" skipped="0">
  <testcase classname="Client.ClientAccountCreation" name="AccountCreationWithMembershipPurchase" time="35.371"/>
  <system-out/>
  <testcase classname="Client.ClientAccountCreation" name="AccountCreationWithFreeClassPack" time="29.802"/>
  <system-out/>
  <testcase classname="Client.ClientAccountCreation" name="AccountCreationWithSkipPackage" time="29.818"/>
  <system-out/>
  <testcase classname="Client.ClientAccountCreation" name="AccountCreationWithClassPackPurchase" time="35.809"/>
  <system-out/>
</testsuite> <!-- Client.ClientAccountCreation -->
