<?xml version="1.0" encoding="UTF-8"?>
<!-- Generated by org.testng.reporters.JUnitReportReporter -->
<testsuite hostname="LAPTOP-VFKJ2SC9" failures="0" tests="1" name="Client.ClientAccountCreationWith_OnlyPoliciesTerm" time="40.840" errors="0" timestamp="2023-09-12T14:28:47 IST" skipped="0">
  <testcase classname="Client.ClientAccountCreationWith_OnlyPoliciesTerm" name="AccountCreationWithOnlyPoliciesTerm_NoPackage" time="40.840"/>
  <system-out/>
</testsuite> <!-- Client.ClientAccountCreationWith_OnlyPoliciesTerm -->
