<?xml version="1.0" encoding="UTF-8"?>
<!-- Generated by org.testng.reporters.JUnitReportReporter -->
<testsuite hostname="LAPTOP-VFKJ2SC9" failures="0" tests="8" name="tests.ClientAccountSignUp" time="1348.670" errors="0" timestamp="2023-11-23T21:02:08 IST" skipped="0">
  <testcase classname="tests.ClientAccountSignUp" name="SignUp_AccountCreationWith_NoPackage" time="31.365"/>
  <system-out/>
  <testcase classname="tests.ClientAccountSignUp" name="SignUp_AccountCreationWith_FreeTrailPack" time="136.866"/>
  <system-out/>
  <testcase classname="tests.ClientAccountSignUp" name="SignUp_AccountCreationWith_PurchaseClassPack" time="190.311"/>
  <system-out/>
  <testcase classname="tests.ClientAccountSignUp" name="SignUp_AccountCreationWith_PurchaseMemPack" time="200.734"/>
  <system-out/>
  <testcase classname="tests.ClientAccountSignUp" name="SignUp_AccountCreationWith_PurchaseUnlimitedMem" time="191.369"/>
  <system-out/>
  <testcase classname="tests.ClientAccountSignUp" name="SignUp_AccountCreationWith_FreeFirstMonthMemPack" time="197.484"/>
  <system-out/>
  <testcase classname="tests.ClientAccountSignUp" name="SignUp_AccountCreationWith_PurchaseClassAndMemPack_WithMemPackPromoCode" time="195.984"/>
  <system-out/>
  <testcase classname="tests.ClientAccountSignUp" name="SignUp_AccountCreationWith_PurchaseClassAndMemPack_ClassPackPromoCode" time="204.557"/>
  <system-out/>
</testsuite> <!-- tests.ClientAccountSignUp -->
