<?xml version="1.0" encoding="UTF-8"?>
<!-- Generated by org.testng.reporters.JUnitReportReporter -->
<testsuite hostname="LAPTOP-VFKJ2SC9" failures="0" tests="3" name="Client.ClientAccountCreation" time="108.724" errors="0" timestamp="2023-07-21T23:21:43 IST" skipped="0">
  <testcase classname="Client.ClientAccountCreation" name="AccountCreationWith_FreeClassPack" time="39.204"/>
  <system-out/>
  <testcase classname="Client.ClientAccountCreation" name="AccountCreationWithMembershipPurchase" time="33.841"/>
  <system-out/>
  <testcase classname="Client.ClientAccountCreation" name="AccountCreationWith_PurchaseClassPack" time="35.679"/>
  <system-out/>
</testsuite> <!-- Client.ClientAccountCreation -->
