<?xml version="1.0" encoding="UTF-8"?>
<!-- Generated by org.testng.reporters.JUnitReportReporter -->
<testsuite hostname="LAPTOP-VFKJ2SC9" failures="0" tests="3" name="Client.ClientAccountCreation" time="93.749" errors="0" timestamp="2023-07-22T16:03:28 IST" skipped="0">
  <testcase classname="Client.ClientAccountCreation" name="AccountCreationWithMembershipPurchase" time="29.787"/>
  <system-out/>
  <testcase classname="Client.ClientAccountCreation" name="AccountCreationWith_PurchaseClassPack" time="36.385"/>
  <system-out/>
  <testcase classname="Client.ClientAccountCreation" name="AccountCreationWith_FreeClassPack" time="27.577"/>
  <system-out/>
</testsuite> <!-- Client.ClientAccountCreation -->
