<?xml version="1.0" encoding="UTF-8"?>
<!-- Generated by org.testng.reporters.JUnitReportReporter -->
<testsuite hostname="LAPTOP-VFKJ2SC9" failures="0" tests="3" name="Client.ClientAccountCreation" time="129.068" errors="0" timestamp="2023-07-21T16:00:57 IST" skipped="0">
  <testcase classname="Client.ClientAccountCreation" name="AccountCreationWith_FreeClassPack" time="54.897"/>
  <system-out/>
  <testcase classname="Client.ClientAccountCreation" name="AccountCreationWith_PurchaseClassPack" time="31.130"/>
  <system-out/>
  <testcase classname="Client.ClientAccountCreation" name="AccountCreationWithMembershipPurchase" time="43.041"/>
  <system-out/>
</testsuite> <!-- Client.ClientAccountCreation -->
