<?xml version="1.0" encoding="UTF-8"?>
<!-- Generated by org.testng.reporters.JUnitReportReporter -->
<testsuite hostname="LAPTOP-VFKJ2SC9" failures="0" tests="19" name="tests.ClientAccountSignUp" time="3275.522" errors="0" timestamp="2023-11-25T15:26:08 IST" skipped="0">
  <testcase classname="tests.ClientAccountSignUp" name="SignUp_AccountCreationWith_NoPackage" time="80.587"/>
  <system-out/>
  <testcase classname="tests.ClientAccountSignUp" name="SignUp_AccountCreationWith_FreeTrailPack" time="136.737"/>
  <system-out/>
  <testcase classname="tests.ClientAccountSignUp" name="SignUp_AccountCreationWith_PurchaseClassPack" time="140.637"/>
  <system-out/>
  <testcase classname="tests.ClientAccountSignUp" name="SignUp_AccountCreationWith_PurchaseMemPack" time="192.749"/>
  <system-out/>
  <testcase classname="tests.ClientAccountSignUp" name="SignUp_AccountCreationWith_PurchaseUnlimitedMem" time="191.503"/>
  <system-out/>
  <testcase classname="tests.ClientAccountSignUp" name="SignUp_AccountCreationWith_FreeFirstMonthMemPack" time="192.859"/>
  <system-out/>
  <testcase classname="tests.ClientAccountSignUp" name="SignUp_AccountCreationWith_PurchaseClassAndMemPack_WithMemPackPromoCode" time="192.329"/>
  <system-out/>
  <testcase classname="tests.ClientAccountSignUp" name="SignUp_AccountCreationWith_PurchaseClassAndMemPack_ClassPackPromoCode" time="192.170"/>
  <system-out/>
  <testcase classname="tests.ClientAccountSignUp" name="SignUp_AccountCreationWith_PurchaseClassAndMemPackWith_NoPromoCode" time="190.937"/>
  <system-out/>
  <testcase classname="tests.ClientAccountSignUp" name="SignUp_AccountCreationWith_PurchaseClassAndUnlimitedMemPackWith_MemPromoCodeAndSelfCard" time="194.939"/>
  <system-out/>
  <testcase classname="tests.ClientAccountSignUp" name="SignUp_AccountCreationWith_PurchaseClassAndUnlimitedMemPackWith_ClassPackPromoCodeAndSelfCard" time="143.165"/>
  <system-out/>
  <testcase classname="tests.ClientAccountSignUp" name="SignUp_AccountCreationWith_PurchaseClassAndUnlimitedMemPackWith_NoPromoCodeAndSelfCard" time="188.603"/>
  <system-out/>
  <testcase classname="tests.ClientAccountSignUp" name="SignUp_AccountCreationWith_PurchaseFreeClassPackAndMemPackWith_MemPromoCodeAndSelfCard" time="192.345"/>
  <system-out/>
  <testcase classname="tests.ClientAccountSignUp" name="SignUp_AccountCreationWith_PurchaseFreeClassPackAndMemPackWith_NoPromoCodeAndSelfCard" time="191.277"/>
  <system-out/>
  <testcase classname="tests.ClientAccountSignUp" name="SignUp_AccountCreationWith_PurchaseClassPackAndFreeFirstMonthMemPackWith_ClassPackPromoCodeAndSelfCard" time="190.953"/>
  <system-out/>
  <testcase classname="tests.ClientAccountSignUp" name="SignUp_AccountCreationWith_PurchaseClassPackAndFreeFirstMonthMemPackWith_NoPromoCodeAndSelfCard" time="190.482"/>
  <system-out/>
  <testcase classname="tests.ClientAccountSignUp" name="SignUp_AccountCreationWith_PurchaseClassPackAndDifferentFirstMonthMemPackWith_MemPromoCodeAndSelfCard" time="141.204"/>
  <system-out/>
  <testcase classname="tests.ClientAccountSignUp" name="SignUp_AccountCreationWith_PurchaseClassPackAndDifferentFirstMonthMemPackWith_ClassPackPromoCodeAndSelfCard" time="140.642"/>
  <system-out/>
  <testcase classname="tests.ClientAccountSignUp" name="SignUp_AccountCreationWith_PurchaseClassPackAndDifferentFirstMonthMemPackWith_NoPromoCodeAndSelfCard" time="191.404"/>
  <system-out/>
</testsuite> <!-- tests.ClientAccountSignUp -->
