<?xml version="1.0" encoding="UTF-8"?>
<!-- Generated by org.testng.reporters.JUnitReportReporter -->
<testsuite hostname="LAPTOP-VFKJ2SC9" failures="0" tests="3" name="Client.ClientAccountCreation" time="109.225" errors="0" timestamp="2023-07-22T00:04:54 IST" skipped="0">
  <testcase classname="Client.ClientAccountCreation" name="AccountCreationWith_PurchaseClassPack" time="40.759"/>
  <system-out/>
  <testcase classname="Client.ClientAccountCreation" name="AccountCreationWithMembershipPurchase" time="34.677"/>
  <system-out/>
  <testcase classname="Client.ClientAccountCreation" name="AccountCreationWith_FreeClassPack" time="33.789"/>
  <system-out/>
</testsuite> <!-- Client.ClientAccountCreation -->
