<?xml version="1.0" encoding="UTF-8"?>
<!-- Generated by org.testng.reporters.JUnitReportReporter -->
<testsuite hostname="LAPTOP-VFKJ2SC9" failures="0" tests="16" name="Client.ClientAccountCreationWith_NoTerm" time="1496.921" errors="0" timestamp="2023-08-31T13:19:11 IST" skipped="0">
  <testcase classname="Client.ClientAccountCreationWith_NoTerm" name="AccountCreationWithNoTerm_NoPackage" time="58.791"/>
  <system-out/>
  <testcase classname="Client.ClientAccountCreationWith_NoTerm" name="AccountCreationWithNoTerm_FreeTrailPack" time="65.324"/>
  <system-out/>
  <testcase classname="Client.ClientAccountCreationWith_NoTerm" name="AccountCreationWithNoTerm_PurchaseClassPackWith_PromoCodeAndSelfCard" time="99.064"/>
  <system-out/>
  <testcase classname="Client.ClientAccountCreationWith_NoTerm" name="AccountCreationWithNoTerm_PurchaseClassPackWith_PromoCodeAndRelativeCard" time="109.440"/>
  <system-out/>
  <testcase classname="Client.ClientAccountCreationWith_NoTerm" name="AccountCreationWithNoTerm_PurchaseClassPackWith_NoPromoCodeAndSelfCard" time="87.318"/>
  <system-out/>
  <testcase classname="Client.ClientAccountCreationWith_NoTerm" name="AccountCreationWithNoTerm_PurchaseClassPackWith_NoPromoCodeAndRelativeCard" time="103.286"/>
  <system-out/>
  <testcase classname="Client.ClientAccountCreationWith_NoTerm" name="AccountCreationWithNoTerm_PurchaseMemPackWith_PromoCodeAndSelfCard" time="95.238"/>
  <system-out/>
  <testcase classname="Client.ClientAccountCreationWith_NoTerm" name="AccountCreationWithNoTerm_PurchaseMemPackWith_PromoCodeAndRelativeCard" time="104.493"/>
  <system-out/>
  <testcase classname="Client.ClientAccountCreationWith_NoTerm" name="AccountCreationWithNoTerm_PurchaseMemPackWith_NoPromoCodeAndSelfCard" time="100.997"/>
  <system-out/>
  <testcase classname="Client.ClientAccountCreationWith_NoTerm" name="AccountCreationWithNoTerm_PurchaseUnlimitedMemWith_PromoCodeAndSelfCard" time="92.905"/>
  <system-out/>
  <testcase classname="Client.ClientAccountCreationWith_NoTerm" name="AccountCreationWithNoTerm_PurchaseUnlimitedMemWith_PromoCodeAndRelativeCard" time="84.342"/>
  <system-out/>
  <testcase classname="Client.ClientAccountCreationWith_NoTerm" name="AccountCreationWithNoTerm_PurchaseUnlimitedMemWith_NoPromoCodeAndSelfCard" time="106.635"/>
  <system-out/>
  <testcase classname="Client.ClientAccountCreationWith_NoTerm" name="AccountCreationWithNoTerm_FreeFirstMonthMemPack" time="93.489"/>
  <system-out/>
  <testcase classname="Client.ClientAccountCreationWith_NoTerm" name="AccountCreationWithNoTerm_PurchaseClassAndMemPackWith_MemPromoCode" time="95.117"/>
  <system-out/>
  <testcase classname="Client.ClientAccountCreationWith_NoTerm" name="AccountCreationWithNoTerm_PurchaseClassAndMemPackWith_ClassPromoCode" time="103.097"/>
  <system-out/>
  <testcase classname="Client.ClientAccountCreationWith_NoTerm" name="AccountCreationWithNoTerm_PurchaseClassAndMemPack" time="97.385"/>
  <system-out/>
</testsuite> <!-- Client.ClientAccountCreationWith_NoTerm -->
