<?xml version="1.0" encoding="UTF-8"?>
<!-- Generated by org.testng.reporters.JUnitReportReporter -->
<testsuite hostname="LAPTOP-VFKJ2SC9" failures="0" tests="28" name="tests.ClientAccountCreation" time="5063.776" errors="0" timestamp="2023-11-25T15:26:08 IST" skipped="0">
  <testcase classname="tests.ClientAccountCreation" name="AccountCreationWith_NoPackage" time="82.552"/>
  <system-out/>
  <testcase classname="tests.ClientAccountCreation" name="AccountCreationWith_FreeTrailPack" time="137.865"/>
  <system-out/>
  <testcase classname="tests.ClientAccountCreation" name="AccountCreationWith_PurchaseClassPackWith_PromoCodeAndSelfCard" time="192.950"/>
  <system-out/>
  <testcase classname="tests.ClientAccountCreation" name="AccountCreationWith_PurchaseClassPackWith_NoPromoCodeAndSelfCard" time="191.234"/>
  <system-out/>
  <testcase classname="tests.ClientAccountCreation" name="AccountCreationWith_PurchaseClassPackWith_PromoCodeAndRelativeCard" time="143.590"/>
  <system-out/>
  <testcase classname="tests.ClientAccountCreation" name="AccountCreationWith_PurchaseClassPackWith_NoPromoCodeAndRelativeCard" time="191.509"/>
  <system-out/>
  <testcase classname="tests.ClientAccountCreation" name="AccountCreationWith_PurchaseMemPackWith_PromoCodeAndSelfCard" time="193.314"/>
  <system-out/>
  <testcase classname="tests.ClientAccountCreation" name="AccountCreationWith_PurchaseMemPackWith_NoPromoCodeAndSelfCard" time="192.279"/>
  <system-out/>
  <testcase classname="tests.ClientAccountCreation" name="AccountCreationWith_PurchaseMemPackWith_PromoCodeAndRelativeCard" time="196.993"/>
  <system-out/>
  <testcase classname="tests.ClientAccountCreation" name="AccountCreationWith_PurchaseUnlimitedMemWith_PromoCodeAndSelfCard" time="192.184"/>
  <system-out/>
  <testcase classname="tests.ClientAccountCreation" name="AccountCreationWith_PurchaseUnlimitedMemWith_NoPromoCodeAndSelfCard" time="193.071"/>
  <system-out/>
  <testcase classname="tests.ClientAccountCreation" name="AccountCreationWith_PurchaseUnlimitedMemWith_PromoCodeAndRelativeCard" time="193.307"/>
  <system-out/>
  <testcase classname="tests.ClientAccountCreation" name="AccountCreationWith_DifferentFirstMonthMemPackWith_PromoCodeAndSelfCard" time="192.267"/>
  <system-out/>
  <testcase classname="tests.ClientAccountCreation" name="AccountCreationWith_DifferentFirstMonthMemPackWithNoPromoCode" time="139.463"/>
  <system-out/>
  <testcase classname="tests.ClientAccountCreation" name="AccountCreationWith_FreeFirstMonthMemPack_WithSelfCard" time="196.118"/>
  <system-out/>
  <testcase classname="tests.ClientAccountCreation" name="AccountCreationWith_PurchaseClassAndMemPackWith_MemPromoCodeAndSelfCard" time="192.899"/>
  <system-out/>
  <testcase classname="tests.ClientAccountCreation" name="AccountCreationWith_PurchaseClassAndMemPackWith_ClassPackPromoCodeAndSelfCard" time="142.229"/>
  <system-out/>
  <testcase classname="tests.ClientAccountCreation" name="AccountCreationWith_PurchaseClassAndMemPackWith_NoPromoCode" time="144.460"/>
  <system-out/>
  <testcase classname="tests.ClientAccountCreation" name="AccountCreationWith_PurchaseClassAndUnlimitedMemPackWith_MemPromoCodeAndSelfCard" time="190.897"/>
  <system-out/>
  <testcase classname="tests.ClientAccountCreation" name="AccountCreationWith_PurchaseClassAndUnlimitedMemPackWith_ClassPackPromoCodeAndSelfCard" time="192.808"/>
  <system-out/>
  <testcase classname="tests.ClientAccountCreation" name="AccountCreationWith_PurchaseClassAndUnlimitedMemPackWith_NoPromoCodeAndSelfCard" time="191.998"/>
  <system-out/>
  <testcase classname="tests.ClientAccountCreation" name="AccountCreationWith_PurchaseFreeClassPackAndMemPackWith_MemPromoCodeAndSelfCard" time="192.537"/>
  <system-out/>
  <testcase classname="tests.ClientAccountCreation" name="AccountCreationWith_PurchaseFreeClassPackAndMemPackWith_NoPromoCodeAndSelfCard" time="194.524"/>
  <system-out/>
  <testcase classname="tests.ClientAccountCreation" name="AccountCreationWith_PurchaseClassPackAndFreeFirstMonthMemPackWith_ClassPackPromoCodeAndSelfCard" time="195.207"/>
  <system-out/>
  <testcase classname="tests.ClientAccountCreation" name="AccountCreationWith_PurchaseClassPackAndFreeFirstMonthMemPackWith_NoPromoCodeAndSelfCard" time="207.783"/>
  <system-out/>
  <testcase classname="tests.ClientAccountCreation" name="AccountCreationWith_PurchaseClassPackAndDifferentFirstMonthMemPackWith_MemPromoCodeAndSelfCard" time="196.119"/>
  <system-out/>
  <testcase classname="tests.ClientAccountCreation" name="AccountCreationWith_PurchaseClassPackAndDifferentFirstMonthMemPackWith_ClassPackPromoCodeAndSelfCard" time="196.666"/>
  <system-out/>
  <testcase classname="tests.ClientAccountCreation" name="AccountCreationWith_PurchaseClassPackAndDifferentFirstMonthMemPackWith_NoPromoCodeAndSelfCard" time="196.953"/>
  <system-out/>
</testsuite> <!-- tests.ClientAccountCreation -->
