<?xml version="1.0" encoding="UTF-8"?>
<!-- Generated by org.testng.reporters.JUnitReportReporter -->
<testsuite hostname="LAPTOP-VFKJ2SC9" failures="0" tests="3" name="Client.ClientAccountCreation" time="102.586" errors="0" timestamp="2023-07-21T23:01:15 IST" skipped="0">
  <testcase classname="Client.ClientAccountCreation" name="AccountCreationWithMembershipPurchase" time="38.444"/>
  <system-out/>
  <testcase classname="Client.ClientAccountCreation" name="AccountCreationWith_PurchaseClassPack" time="34.616"/>
  <system-out/>
  <testcase classname="Client.ClientAccountCreation" name="AccountCreationWith_FreeClassPack" time="29.526"/>
  <system-out/>
</testsuite> <!-- Client.ClientAccountCreation -->
