<?xml version="1.0" encoding="UTF-8"?>
<!-- Generated by org.testng.reporters.JUnitReportReporter -->
<testsuite hostname="LAPTOP-VFKJ2SC9" failures="0" tests="3" name="Client.ClientAccountCreation" time="96.172" errors="0" timestamp="2023-07-20T03:16:49 IST" skipped="0">
  <testcase classname="Client.ClientAccountCreation" name="AccountCreationWithMembershipPurchase" time="33.671"/>
  <system-out/>
  <testcase classname="Client.ClientAccountCreation" name="AccountCreationWith_FreeClassPack" time="29.894"/>
  <system-out/>
  <testcase classname="Client.ClientAccountCreation" name="AccountCreationWith_PurchaseClassPack" time="32.607"/>
  <system-out/>
</testsuite> <!-- Client.ClientAccountCreation -->
