<?xml version="1.0" encoding="UTF-8"?>
<!-- Generated by org.testng.reporters.JUnitReportReporter -->
<testsuite hostname="LAPTOP-VFKJ2SC9" failures="0" tests="3" name="Client.ClientAccountCreation" time="98.345" errors="0" timestamp="2023-07-21T16:54:13 IST" skipped="0">
  <testcase classname="Client.ClientAccountCreation" name="AccountCreationWith_PurchaseClassPack" time="35.675"/>
  <system-out/>
  <testcase classname="Client.ClientAccountCreation" name="AccountCreationWithMembershipPurchase" time="34.561"/>
  <system-out/>
  <testcase classname="Client.ClientAccountCreation" name="AccountCreationWith_FreeClassPack" time="28.109"/>
  <system-out/>
</testsuite> <!-- Client.ClientAccountCreation -->
