<?xml version="1.0" encoding="UTF-8"?>
<!-- Generated by org.testng.reporters.JUnitReportReporter -->
<testsuite hostname="LAPTOP-VFKJ2SC9" failures="0" tests="4" name="Client.ClientAccountCreation" time="135.227" errors="0" timestamp="2023-07-23T13:59:09 IST" skipped="0">
  <testcase classname="Client.ClientAccountCreation" name="AccountCreationWith_FreeClassPack" time="27.010"/>
  <system-out/>
  <testcase classname="Client.ClientAccountCreation" name="AccountCreationWith_PurchaseMembership" time="29.212"/>
  <system-out/>
  <testcase classname="Client.ClientAccountCreation" name="AccountCreationWith_NoPackage" time="46.497"/>
  <system-out/>
  <testcase classname="Client.ClientAccountCreation" name="AccountCreationWith_PurchaseClassPack" time="32.508"/>
  <system-out/>
</testsuite> <!-- Client.ClientAccountCreation -->
