<?xml version="1.0" encoding="UTF-8"?>
<!-- Generated by org.testng.reporters.JUnitReportReporter -->
<testsuite hostname="LAPTOP-VFKJ2SC9" failures="0" tests="16" name="Client.ClientAccountCreation" time="1610.064" errors="0" timestamp="2023-10-25T03:28:16 IST" skipped="0">
  <testcase classname="Client.ClientAccountCreation" name="AccountCreationWith_NoPackage" time="51.521"/>
  <system-out/>
  <testcase classname="Client.ClientAccountCreation" name="AccountCreationWith_FreeTrailPack" time="77.050"/>
  <system-out/>
  <testcase classname="Client.ClientAccountCreation" name="AccountCreationWith_PurchaseClassPackWith_PromoCodeAndSelfCard" time="104.118"/>
  <system-out/>
  <testcase classname="Client.ClientAccountCreation" name="AccountCreationWith_PurchaseClassPackWith_NoPromoCodeAndSelfCard" time="100.189"/>
  <system-out/>
  <testcase classname="Client.ClientAccountCreation" name="AccountCreationWith_PurchaseClassPackWith_PromoCodeAndRelativeCard" time="102.849"/>
  <system-out/>
  <testcase classname="Client.ClientAccountCreation" name="AccountCreationWith_PurchaseClassPackWith_NoPromoCodeAndRelativeCard" time="102.929"/>
  <system-out/>
  <testcase classname="Client.ClientAccountCreation" name="AccountCreationWith_PurchaseMemPackWith_PromoCodeAndSelfCard" time="105.242"/>
  <system-out/>
  <testcase classname="Client.ClientAccountCreation" name="AccountCreationWith_PurchaseMemPackWith_NoPromoCodeAndSelfCard" time="111.537"/>
  <system-out/>
  <testcase classname="Client.ClientAccountCreation" name="AccountCreationWith_PurchaseMemPackWith_PromoCodeAndRelativeCard" time="112.724"/>
  <system-out/>
  <testcase classname="Client.ClientAccountCreation" name="AccountCreationWith_PurchaseUnlimitedMemWith_PromoCodeAndSelfCard" time="104.615"/>
  <system-out/>
  <testcase classname="Client.ClientAccountCreation" name="AccountCreationWith_PurchaseUnlimitedMemWith_NoPromoCodeAndSelfCard" time="105.190"/>
  <system-out/>
  <testcase classname="Client.ClientAccountCreation" name="AccountCreationWith_PurchaseUnlimitedMemWith_PromoCodeAndRelativeCard" time="105.367"/>
  <system-out/>
  <testcase classname="Client.ClientAccountCreation" name="AccountCreationWith_FreeFirstMonthMemPack" time="103.212"/>
  <system-out/>
  <testcase classname="Client.ClientAccountCreation" name="AccountCreationWith_PurchaseClassAndMemPackWith_MemPromoCode" time="110.681"/>
  <system-out/>
  <testcase classname="Client.ClientAccountCreation" name="AccountCreationWith_PurchaseClassAndMemPackWith_ClassPromoCode" time="106.905"/>
  <system-out/>
  <testcase classname="Client.ClientAccountCreation" name="AccountCreationWith_PurchaseClassAndMemPackWith_NoPromoCode" time="105.935"/>
  <system-out/>
</testsuite> <!-- Client.ClientAccountCreation -->
